ysp2/app/build/intermediates/manifest_merge_blame_file/debug/manifest-merger-blame-debug-report.txt
1<?xml version="1.0" encoding="utf-8"?>
2<manifest xmlns:android="http://schemas.android.com/apk/res/android"
3    package="com.example.ysp"
4    android:versionCode="1"
5    android:versionName="1.0" >
6
7    <uses-sdk
8        android:minSdkVersion="18"
8-->src\main\AndroidManifest.xml
9        android:targetSdkVersion="30" />
9-->src\main\AndroidManifest.xml
10
11    <uses-permission android:name="android.permission.INTERNET" />
11-->src\main\AndroidManifest.xml:4:5-67
11-->src\main\AndroidManifest.xml:4:22-64
12
13    <application
13-->src\main\AndroidManifest.xml:5:5-22:19
14        android:allowBackup="true"
14-->src\main\AndroidManifest.xml:6:9-35
15        android:appComponentFactory="androidx.core.app.CoreComponentFactory"
15-->[androidx.core:core:1.3.1] AndroidManifest.xml:24:18-86
16        android:debuggable="true"
17        android:icon="@mipmap/ic_launcher"
17-->src\main\AndroidManifest.xml:7:9-43
18        android:label="@string/app_name"
18-->src\main\AndroidManifest.xml:8:9-41
19        android:roundIcon="@mipmap/ic_launcher_round"
19-->src\main\AndroidManifest.xml:10:9-54
20        android:supportsRtl="true"
20-->src\main\AndroidManifest.xml:11:9-35
21        android:testOnly="true"
22        android:theme="@style/Theme.Ysp"
22-->src\main\AndroidManifest.xml:12:9-41
23        android:usesCleartextTraffic="true" >
23-->src\main\AndroidManifest.xml:9:9-44
24        <activity android:name="com.example.ysp.contentActivity" />
24-->src\main\AndroidManifest.xml:13:9-62
24-->src\main\AndroidManifest.xml:13:19-50
25        <activity android:name="com.example.ysp.LoginActivity" >
25-->src\main\AndroidManifest.xml:14:9-20:20
25-->src\main\AndroidManifest.xml:14:19-48
26            <intent-filter>
26-->src\main\AndroidManifest.xml:15:13-19:29
27                <action android:name="android.intent.action.MAIN" />
27-->src\main\AndroidManifest.xml:16:17-69
27-->src\main\AndroidManifest.xml:16:25-66
28
29                <category android:name="android.intent.category.LAUNCHER" />
29-->src\main\AndroidManifest.xml:18:17-77
29-->src\main\AndroidManifest.xml:18:27-74
30            </intent-filter>
31        </activity>
32        <activity android:name="com.example.ysp.MainActivity" />
32-->src\main\AndroidManifest.xml:21:9-59
32-->src\main\AndroidManifest.xml:21:19-47
33    </application>
34
35</manifest>